nohup: ignoring input
INFO:     Will watch for changes in these directories: ['/home/exouser/RAG-system/src']
INFO:     Uvicorn running on http://0.0.0.0:8200 (Press CTRL+C to quit)
INFO:     Started reloader process [1752206] using WatchFiles
🚀 Starting House Finance Document API...
📚 Loading ChromaDB and embedding models...
✅ Configuration loaded:
   - Documents Path: documents
   - ChromaDB Path: chroma_db/data
   - Collection: default_collection
   - Embedding Model: text-embedding-004 (google)
============================================================

🌐 Starting server at http://0.0.0.0:8200
📖 API Documentation: http://localhost:8200/docs
🔍 Interactive API: http://localhost:8200/redoc

Press Ctrl+C to stop the server

/home/exouser/RAG-system/src/myenv/lib/python3.12/site-packages/pydantic/_internal/_fields.py:184: UserWarning: Field name "name" shadows an attribute in parent "Operation"; 
  warnings.warn(
/home/exouser/RAG-system/src/myenv/lib/python3.12/site-packages/pydantic/_internal/_fields.py:184: UserWarning: Field name "metadata" shadows an attribute in parent "Operation"; 
  warnings.warn(
/home/exouser/RAG-system/src/myenv/lib/python3.12/site-packages/pydantic/_internal/_fields.py:184: UserWarning: Field name "done" shadows an attribute in parent "Operation"; 
  warnings.warn(
/home/exouser/RAG-system/src/myenv/lib/python3.12/site-packages/pydantic/_internal/_fields.py:184: UserWarning: Field name "error" shadows an attribute in parent "Operation"; 
  warnings.warn(
2025-10-01 03:16:47,409 - INFO - ChromaDB persistent client initialized at: chroma_db/data
2025-10-01 03:16:47,409 - INFO - Initialized Google embeddings with model: text-embedding-004
2025-10-01 03:16:47,409 - INFO - Google embedding function initialized
2025-10-01 03:16:47,410 - ERROR - Failed to load chunked data: [Errno 2] No such file or directory: '/Users/rodericktabalba/Documents/GitHub/financial-rag/src/documents/chunked_text/bills/bills_chunked_no_sentence.json'
2025-10-01 03:16:47,410 - ERROR - Failed to load extracted data: [Errno 2] No such file or directory: '/Users/rodericktabalba/Documents/GitHub/financial-rag/src/documents/extracted_text/bills/filtered_documents.json'
2025-10-01 03:16:47,411 - INFO - NLP Backend initialized
INFO:     Started server process [1752209]
INFO:     Waiting for application startup.
INFO:     Application startup complete.
/usr/lib/python3.12/multiprocessing/resource_tracker.py:254: UserWarning: resource_tracker: There appear to be 1 leaked semaphore objects to clean up at shutdown
  warnings.warn('resource_tracker: There appear to be %d '
